proguard/seeds.txt
amrabed.android.release.evaluation.DatabaseUpdater
amrabed.android.release.evaluation.DatabaseUpdater: DatabaseUpdater()
android.support.v4.app.FragmentActivity: FragmentActivity()
android.support.v4.view.PagerTitleStrip
android.support.v4.view.PagerTitleStrip: PagerTitleStrip(android.content.Context)
android.support.v4.view.PagerTitleStrip: PagerTitleStrip(android.content.Context,android.util.AttributeSet)
android.support.v4.view.ViewPager
android.support.v4.view.ViewPager: ViewPager(android.content.Context)
android.support.v4.view.ViewPager: ViewPager(android.content.Context,android.util.AttributeSet)
com.google.api.client.auth.jsontoken.JsonWebSignature$Header
com.google.api.client.auth.jsontoken.JsonWebSignature$Header: java.lang.String algorithm
com.google.api.client.auth.jsontoken.JsonWebSignature$Header: java.lang.String jwkUrl
com.google.api.client.auth.jsontoken.JsonWebSignature$Header: java.lang.String keyId
com.google.api.client.auth.jsontoken.JsonWebSignature$Header: java.lang.String x509Url
com.google.api.client.auth.jsontoken.JsonWebSignature$Header: java.lang.String x509Thumbprint
com.google.api.client.auth.jsontoken.JsonWebSignature$Header: JsonWebSignature$Header()
com.google.api.client.auth.jsontoken.JsonWebSignature$Header: com.google.api.client.auth.jsontoken.JsonWebSignature$Header setType(java.lang.String)
com.google.api.client.auth.jsontoken.JsonWebSignature$Header: java.lang.String getAlgorithm()
com.google.api.client.auth.jsontoken.JsonWebSignature$Header: com.google.api.client.auth.jsontoken.JsonWebSignature$Header setAlgorithm(java.lang.String)
com.google.api.client.auth.jsontoken.JsonWebSignature$Header: java.lang.String getJwkUrl()
com.google.api.client.auth.jsontoken.JsonWebSignature$Header: com.google.api.client.auth.jsontoken.JsonWebSignature$Header setJwkUrl(java.lang.String)
com.google.api.client.auth.jsontoken.JsonWebSignature$Header: java.lang.String getKeyId()
com.google.api.client.auth.jsontoken.JsonWebSignature$Header: com.google.api.client.auth.jsontoken.JsonWebSignature$Header setKeyId(java.lang.String)
com.google.api.client.auth.jsontoken.JsonWebToken$Header
com.google.api.client.auth.jsontoken.JsonWebToken$Header: java.lang.String type
com.google.api.client.auth.jsontoken.JsonWebToken$Header: JsonWebToken$Header()
com.google.api.client.auth.jsontoken.JsonWebToken$Header: java.lang.String getType()
com.google.api.client.auth.jsontoken.JsonWebToken$Header: com.google.api.client.auth.jsontoken.JsonWebToken$Header setType(java.lang.String)
com.google.api.client.auth.jsontoken.JsonWebToken$Payload
com.google.api.client.auth.jsontoken.JsonWebToken$Payload: com.google.api.client.util.Clock clock
com.google.api.client.auth.jsontoken.JsonWebToken$Payload: java.lang.Long expirationTimeSeconds
com.google.api.client.auth.jsontoken.JsonWebToken$Payload: java.lang.Long notBeforeTimeSeconds
com.google.api.client.auth.jsontoken.JsonWebToken$Payload: java.lang.Long issuedAtTimeSeconds
com.google.api.client.auth.jsontoken.JsonWebToken$Payload: java.lang.String issuer
com.google.api.client.auth.jsontoken.JsonWebToken$Payload: java.lang.String audience
com.google.api.client.auth.jsontoken.JsonWebToken$Payload: java.lang.String principal
com.google.api.client.auth.jsontoken.JsonWebToken$Payload: java.lang.String jwtId
com.google.api.client.auth.jsontoken.JsonWebToken$Payload: java.lang.String type
com.google.api.client.auth.jsontoken.JsonWebToken$Payload: JsonWebToken$Payload()
com.google.api.client.auth.jsontoken.JsonWebToken$Payload: JsonWebToken$Payload(com.google.api.client.util.Clock)
com.google.api.client.auth.jsontoken.JsonWebToken$Payload: java.lang.Long getExpirationTimeSeconds()
com.google.api.client.auth.jsontoken.JsonWebToken$Payload: com.google.api.client.auth.jsontoken.JsonWebToken$Payload setExpirationTimeSeconds(java.lang.Long)
com.google.api.client.auth.jsontoken.JsonWebToken$Payload: java.lang.Long getNotBeforeTimeSeconds()