proguard/mapping.txt
org.joda.time.chrono.ZonedChronology$ZonedDateTimeField -> a.a.a.b.J:
    org.joda.time.DateTimeField iField -> a
    org.joda.time.DateTimeZone iZone -> b
    org.joda.time.DurationField iDurationField -> c
    boolean iTimeField -> d
    org.joda.time.DurationField iRangeDurationField -> e
    org.joda.time.DurationField iLeapDurationField -> f
    int get(long) -> a
    java.lang.String getAsText(long,java.util.Locale) -> a
    java.lang.String getAsShortText(long,java.util.Locale) -> b
    java.lang.String getAsText(int,java.util.Locale) -> a
    java.lang.String getAsShortText(int,java.util.Locale) -> b
    long add(long,int) -> a
    long add(long,long) -> a
    long set(long,int) -> b
    long set(long,java.lang.String,java.util.Locale) -> a
    int getDifference(long,long) -> b
    long getDifferenceAsLong(long,long) -> c
    org.joda.time.DurationField getDurationField() -> d
    org.joda.time.DurationField getRangeDurationField() -> e
    boolean isLeap(long) -> b
    org.joda.time.DurationField getLeapDurationField() -> f
    long roundFloor(long) -> d
    long roundCeiling(long) -> e
    long remainder(long) -> f
    int getMinimumValue() -> g
    int getMinimumValue(org.joda.time.ReadablePartial) -> a
    int getMinimumValue(org.joda.time.ReadablePartial,int[]) -> a
    int getMaximumValue() -> h
    int getMaximumValue(long) -> c
    int getMaximumValue(org.joda.time.ReadablePartial) -> b
org.joda.time.chrono.ZonedChronology$ZonedDurationField -> a.a.a.b.K:
    org.joda.time.DurationField iField -> a
    boolean iTimeField -> b
    org.joda.time.DateTimeZone iZone -> c
    boolean isPrecise() -> c
    long getUnitMillis() -> d
    long add(long,int) -> a
    long add(long,long) -> a
    int getDifference(long,long) -> b
    long getDifferenceAsLong(long,long) -> c
    int getOffsetToAdd(long) -> a
    int getOffsetFromLocalToSubtract(long) -> b
org.joda.time.convert.AbstractConverter -> a.a.a.c.a:
    long getInstantMillis(java.lang.Object,org.joda.time.Chronology) -> a
    org.joda.time.Chronology getChronology(java.lang.Object,org.joda.time.Chronology) -> b
    int[] getPartialValues(org.joda.time.ReadablePartial,java.lang.Object,org.joda.time.Chronology) -> a
    int[] getPartialValues(org.joda.time.ReadablePartial,java.lang.Object,org.joda.time.Chronology,org.joda.time.format.DateTimeFormatter) -> a
    java.lang.String toString() -> toString
org.joda.time.convert.CalendarConverter -> a.a.a.c.b:
    org.joda.time.convert.CalendarConverter INSTANCE -> a
    org.joda.time.Chronology getChronology(java.lang.Object,org.joda.time.Chronology) -> b
    long getInstantMillis(java.lang.Object,org.joda.time.Chronology) -> a
    java.lang.Class getSupportedType() -> a
org.joda.time.convert.Converter -> a.a.a.c.c:
    java.lang.Class getSupportedType() -> a
org.joda.time.convert.ConverterManager -> a.a.a.c.d:
    org.joda.time.convert.ConverterManager INSTANCE -> a
    org.joda.time.convert.ConverterSet iInstantConverters -> b
    org.joda.time.convert.ConverterSet iPartialConverters -> c
    org.joda.time.convert.ConverterSet iDurationConverters -> d
    org.joda.time.convert.ConverterSet iPeriodConverters -> e
    org.joda.time.convert.ConverterSet iIntervalConverters -> f
    org.joda.time.convert.ConverterManager getInstance() -> a
    org.joda.time.convert.PartialConverter getPartialConverter(java.lang.Object) -> a
    java.lang.String toString() -> toString
org.joda.time.convert.ConverterSet -> a.a.a.c.e:
    org.joda.time.convert.Converter[] iConverters -> a
    org.joda.time.convert.ConverterSet$Entry[] iSelectEntries -> b
    org.joda.time.convert.Converter select(java.lang.Class) -> a
    int size() -> a
    org.joda.time.convert.ConverterSet remove(int,org.joda.time.convert.Converter[]) -> a
org.joda.time.convert.ConverterSet$Entry -> a.a.a.c.f:
    java.lang.Class iType -> a
    org.joda.time.convert.Converter iConverter -> b