proguard/usage.txt
com.google.api.client.googleapis.testing.services.MockGoogleClient
com.google.api.client.googleapis.testing.services.MockGoogleClient$Builder
com.google.api.client.googleapis.testing.services.MockGoogleClientRequest
com.google.api.client.googleapis.testing.services.json.MockGoogleJsonClient
com.google.api.client.googleapis.testing.services.json.MockGoogleJsonClient$Builder
com.google.api.client.googleapis.testing.services.json.MockGoogleJsonClientRequest
com.google.api.client.googleapis.xml.atom.AtomPatchContent
com.google.api.client.googleapis.xml.atom.AtomPatchRelativeToOriginalContent
com.google.api.client.googleapis.xml.atom.GoogleAtom
com.google.api.client.googleapis.xml.atom.GoogleAtom$FieldsMask
com.google.api.client.googleapis.xml.atom.MultiKindFeedParser
com.google.api.client.http.AbstractHttpContent:
    94:95:public com.google.api.client.http.AbstractHttpContent setMediaType(com.google.api.client.http.HttpMediaType)
com.google.api.client.http.AbstractInputStreamContent:
    98:98:public final boolean getCloseInputStream()
    108:109:public com.google.api.client.http.AbstractInputStreamContent setEncoding(java.lang.String)
com.google.api.client.http.BackOffPolicy:
    public static final long STOP
com.google.api.client.http.BasicAuthentication
com.google.api.client.http.ByteArrayContent
com.google.api.client.http.ExponentialBackOffPolicy:
    public static final int DEFAULT_INITIAL_INTERVAL_MILLIS
    public static final double DEFAULT_RANDOMIZATION_FACTOR
    public static final double DEFAULT_MULTIPLIER
    public static final int DEFAULT_MAX_INTERVAL_MILLIS
    public static final int DEFAULT_MAX_ELAPSED_TIME_MILLIS
    270:270:public final int getInitialIntervalMillis()
    282:282:public final double getRandomizationFactor()
    289:289:public final int getCurrentIntervalMillis()
    296:296:public final double getMultiplier()
    304:304:public final int getMaxIntervalMillis()
    317:317:public final int getMaxElapsedTimeMillis()
    348:348:public static com.google.api.client.http.ExponentialBackOffPolicy$Builder builder()
com.google.api.client.http.ExponentialBackOffPolicy$Builder
com.google.api.client.http.FileContent:
    80:80:public java.io.File getFile()
    85:85:public com.google.api.client.http.FileContent setEncoding(java.lang.String)
    47:47:public bridge synthetic com.google.api.client.http.AbstractInputStreamContent setEncoding(java.lang.String)
com.google.api.client.http.GZipContent:
    70:71:public com.google.api.client.http.GZipContent setMediaType(com.google.api.client.http.HttpMediaType)
    30:30:public bridge synthetic com.google.api.client.http.AbstractHttpContent setMediaType(com.google.api.client.http.HttpMediaType)
com.google.api.client.http.GenericUrl:
    155:155:public final java.lang.String getScheme()
    164:165:public final void setScheme(java.lang.String)
    173:173:public java.lang.String getHost()
    182:183:public final void setHost(java.lang.String)
    191:191:public int getPort()
    200:202:public final void setPort(int)
    211:211:public java.util.List getPathParts()
    231:232:public void setPathParts(java.util.List)
    240:240:public java.lang.String getFragment()
    249:250:public final void setFragment(java.lang.String)
    317:324:public java.lang.Object getFirst(java.lang.String)
    334:343:public java.util.Collection getAll(java.lang.String)
    353:359:public java.lang.String getRawPath()
    383:393:public void appendRawPath(java.lang.String)